CRITICAL - 2024-07-03 02:14:37 --> TypeError: CodeIgniter\RESTful\ResourceController::failUnauthorized(): Argument #1 ($description) must be of type string, array given, called in C:\laragon\www\codeigniter\app\Controllers\AuthController.php on line 62
[Method: POST, Route: login]
in SYSTEMPATH\API\ResponseTrait.php on line 201.
 1 APPPATH\Controllers\AuthController.php(62): CodeIgniter\RESTful\ResourceController->failUnauthorized([...])
 2 SYSTEMPATH\CodeIgniter.php(933): App\Controllers\AuthController->login()
 3 SYSTEMPATH\CodeIgniter.php(509): CodeIgniter\CodeIgniter->runController(Object(App\Controllers\AuthController))
 4 SYSTEMPATH\CodeIgniter.php(355): CodeIgniter\CodeIgniter->handleRequest(null, Object(Config\Cache), false)
 5 SYSTEMPATH\Boot.php(325): CodeIgniter\CodeIgniter->run()
 6 SYSTEMPATH\Boot.php(67): CodeIgniter\Boot::runCodeIgniter(Object(CodeIgniter\CodeIgniter))
 7 FCPATH\index.php(56): CodeIgniter\Boot::bootWeb(Object(Config\Paths))
 8 SYSTEMPATH\rewrite.php(44): require_once('C:\\laragon\\www\\codeigniter\\public\\index.php')
ERROR - 2024-07-03 07:29:35 --> mysqli_sql_exception: Duplicate entry 'test344' for key 'users.username' in C:\laragon\www\codeigniter\system\Database\MySQLi\Connection.php:312
Stack trace:
#0 C:\laragon\www\codeigniter\system\Database\MySQLi\Connection.php(312): mysqli->query('INSERT INTO `us...', 0)
#1 C:\laragon\www\codeigniter\system\Database\BaseConnection.php(734): CodeIgniter\Database\MySQLi\Connection->execute('INSERT INTO `us...')
#2 C:\laragon\www\codeigniter\system\Database\BaseConnection.php(648): CodeIgniter\Database\BaseConnection->simpleQuery('INSERT INTO `us...')
#3 C:\laragon\www\codeigniter\system\Database\BaseBuilder.php(2332): CodeIgniter\Database\BaseConnection->query('INSERT INTO `us...', Array, false)
#4 C:\laragon\www\codeigniter\app\Controllers\AuthController.php(116): CodeIgniter\Database\BaseBuilder->insert(Array)
#5 C:\laragon\www\codeigniter\system\CodeIgniter.php(933): App\Controllers\AuthController->register()
#6 C:\laragon\www\codeigniter\system\CodeIgniter.php(509): CodeIgniter\CodeIgniter->runController(Object(App\Controllers\AuthController))
#7 C:\laragon\www\codeigniter\system\CodeIgniter.php(355): CodeIgniter\CodeIgniter->handleRequest(NULL, Object(Config\Cache), false)
#8 C:\laragon\www\codeigniter\system\Boot.php(325): CodeIgniter\CodeIgniter->run()
#9 C:\laragon\www\codeigniter\system\Boot.php(67): CodeIgniter\Boot::runCodeIgniter(Object(CodeIgniter\CodeIgniter))
#10 C:\laragon\www\codeigniter\public\index.php(56): CodeIgniter\Boot::bootWeb(Object(Config\Paths))
#11 C:\laragon\www\codeigniter\system\rewrite.php(44): require_once('C:\\laragon\\www\\...')
#12 {main}
CRITICAL - 2024-07-03 07:29:35 --> CodeIgniter\Database\Exceptions\DatabaseException: Duplicate entry 'test344' for key 'users.username'
[Method: POST, Route: register]
in SYSTEMPATH\Database\BaseConnection.php on line 688.
 1 SYSTEMPATH\Database\BaseBuilder.php(2332): CodeIgniter\Database\BaseConnection->query('INSERT INTO `users` (`username`, `email`, `password`) VALUES (:username:, :email:, :password:)', [...], false)
 2 APPPATH\Controllers\AuthController.php(116): CodeIgniter\Database\BaseBuilder->insert([...])
 3 SYSTEMPATH\CodeIgniter.php(933): App\Controllers\AuthController->register()
 4 SYSTEMPATH\CodeIgniter.php(509): CodeIgniter\CodeIgniter->runController(Object(App\Controllers\AuthController))
 5 SYSTEMPATH\CodeIgniter.php(355): CodeIgniter\CodeIgniter->handleRequest(null, Object(Config\Cache), false)
 6 SYSTEMPATH\Boot.php(325): CodeIgniter\CodeIgniter->run()
 7 SYSTEMPATH\Boot.php(67): CodeIgniter\Boot::runCodeIgniter(Object(CodeIgniter\CodeIgniter))
 8 FCPATH\index.php(56): CodeIgniter\Boot::bootWeb(Object(Config\Paths))
 9 SYSTEMPATH\rewrite.php(44): require_once('C:\\laragon\\www\\codeigniter\\public\\index.php')
CRITICAL - 2024-07-03 07:29:35 --> [Caused by] CodeIgniter\Database\Exceptions\DatabaseException: Duplicate entry 'test344' for key 'users.username'
in SYSTEMPATH\Database\MySQLi\Connection.php on line 317.
 1 SYSTEMPATH\Database\BaseConnection.php(734): CodeIgniter\Database\MySQLi\Connection->execute('INSERT INTO `users` (`username`, `email`, `password`) VALUES (\'test344\', \'test3@aka.com\', \'$2y$10$HfQEHEQXNANFF4K41DyP1uYtiqBo6CTId4jRUObBaAvx4IX4.vGqS\')')
 2 SYSTEMPATH\Database\BaseConnection.php(648): CodeIgniter\Database\BaseConnection->simpleQuery('INSERT INTO `users` (`username`, `email`, `password`) VALUES (\'test344\', \'test3@aka.com\', \'$2y$10$HfQEHEQXNANFF4K41DyP1uYtiqBo6CTId4jRUObBaAvx4IX4.vGqS\')')
 3 SYSTEMPATH\Database\BaseBuilder.php(2332): CodeIgniter\Database\BaseConnection->query('INSERT INTO `users` (`username`, `email`, `password`) VALUES (:username:, :email:, :password:)', [...], false)
 4 APPPATH\Controllers\AuthController.php(116): CodeIgniter\Database\BaseBuilder->insert([...])
 5 SYSTEMPATH\CodeIgniter.php(933): App\Controllers\AuthController->register()
 6 SYSTEMPATH\CodeIgniter.php(509): CodeIgniter\CodeIgniter->runController(Object(App\Controllers\AuthController))
 7 SYSTEMPATH\CodeIgniter.php(355): CodeIgniter\CodeIgniter->handleRequest(null, Object(Config\Cache), false)
 8 SYSTEMPATH\Boot.php(325): CodeIgniter\CodeIgniter->run()
 9 SYSTEMPATH\Boot.php(67): CodeIgniter\Boot::runCodeIgniter(Object(CodeIgniter\CodeIgniter))
10 FCPATH\index.php(56): CodeIgniter\Boot::bootWeb(Object(Config\Paths))
11 SYSTEMPATH\rewrite.php(44): require_once('C:\\laragon\\www\\codeigniter\\public\\index.php')
CRITICAL - 2024-07-03 07:29:35 --> [Caused by] mysqli_sql_exception: Duplicate entry 'test344' for key 'users.username'
in SYSTEMPATH\Database\MySQLi\Connection.php on line 312.
 1 SYSTEMPATH\Database\MySQLi\Connection.php(312): mysqli->query('INSERT INTO `users` (`username`, `email`, `password`) VALUES (\'test344\', \'test3@aka.com\', \'$2y$10$HfQEHEQXNANFF4K41DyP1uYtiqBo6CTId4jRUObBaAvx4IX4.vGqS\')', 0)
 2 SYSTEMPATH\Database\BaseConnection.php(734): CodeIgniter\Database\MySQLi\Connection->execute('INSERT INTO `users` (`username`, `email`, `password`) VALUES (\'test344\', \'test3@aka.com\', \'$2y$10$HfQEHEQXNANFF4K41DyP1uYtiqBo6CTId4jRUObBaAvx4IX4.vGqS\')')
 3 SYSTEMPATH\Database\BaseConnection.php(648): CodeIgniter\Database\BaseConnection->simpleQuery('INSERT INTO `users` (`username`, `email`, `password`) VALUES (\'test344\', \'test3@aka.com\', \'$2y$10$HfQEHEQXNANFF4K41DyP1uYtiqBo6CTId4jRUObBaAvx4IX4.vGqS\')')
 4 SYSTEMPATH\Database\BaseBuilder.php(2332): CodeIgniter\Database\BaseConnection->query('INSERT INTO `users` (`username`, `email`, `password`) VALUES (:username:, :email:, :password:)', [...], false)
 5 APPPATH\Controllers\AuthController.php(116): CodeIgniter\Database\BaseBuilder->insert([...])
 6 SYSTEMPATH\CodeIgniter.php(933): App\Controllers\AuthController->register()
 7 SYSTEMPATH\CodeIgniter.php(509): CodeIgniter\CodeIgniter->runController(Object(App\Controllers\AuthController))
 8 SYSTEMPATH\CodeIgniter.php(355): CodeIgniter\CodeIgniter->handleRequest(null, Object(Config\Cache), false)
 9 SYSTEMPATH\Boot.php(325): CodeIgniter\CodeIgniter->run()
10 SYSTEMPATH\Boot.php(67): CodeIgniter\Boot::runCodeIgniter(Object(CodeIgniter\CodeIgniter))
11 FCPATH\index.php(56): CodeIgniter\Boot::bootWeb(Object(Config\Paths))
12 SYSTEMPATH\rewrite.php(44): require_once('C:\\laragon\\www\\codeigniter\\public\\index.php')
ERROR - 2024-07-03 07:29:53 --> mysqli_sql_exception: Duplicate entry 'test3z44' for key 'users.username' in C:\laragon\www\codeigniter\system\Database\MySQLi\Connection.php:312
Stack trace:
#0 C:\laragon\www\codeigniter\system\Database\MySQLi\Connection.php(312): mysqli->query('INSERT INTO `us...', 0)
#1 C:\laragon\www\codeigniter\system\Database\BaseConnection.php(734): CodeIgniter\Database\MySQLi\Connection->execute('INSERT INTO `us...')
#2 C:\laragon\www\codeigniter\system\Database\BaseConnection.php(648): CodeIgniter\Database\BaseConnection->simpleQuery('INSERT INTO `us...')
#3 C:\laragon\www\codeigniter\system\Database\BaseBuilder.php(2332): CodeIgniter\Database\BaseConnection->query('INSERT INTO `us...', Array, false)
#4 C:\laragon\www\codeigniter\app\Controllers\AuthController.php(116): CodeIgniter\Database\BaseBuilder->insert(Array)
#5 C:\laragon\www\codeigniter\system\CodeIgniter.php(933): App\Controllers\AuthController->register()
#6 C:\laragon\www\codeigniter\system\CodeIgniter.php(509): CodeIgniter\CodeIgniter->runController(Object(App\Controllers\AuthController))
#7 C:\laragon\www\codeigniter\system\CodeIgniter.php(355): CodeIgniter\CodeIgniter->handleRequest(NULL, Object(Config\Cache), false)
#8 C:\laragon\www\codeigniter\system\Boot.php(325): CodeIgniter\CodeIgniter->run()
#9 C:\laragon\www\codeigniter\system\Boot.php(67): CodeIgniter\Boot::runCodeIgniter(Object(CodeIgniter\CodeIgniter))
#10 C:\laragon\www\codeigniter\public\index.php(56): CodeIgniter\Boot::bootWeb(Object(Config\Paths))
#11 C:\laragon\www\codeigniter\system\rewrite.php(44): require_once('C:\\laragon\\www\\...')
#12 {main}
CRITICAL - 2024-07-03 07:29:53 --> CodeIgniter\Database\Exceptions\DatabaseException: Duplicate entry 'test3z44' for key 'users.username'
[Method: POST, Route: register]
in SYSTEMPATH\Database\BaseConnection.php on line 688.
 1 SYSTEMPATH\Database\BaseBuilder.php(2332): CodeIgniter\Database\BaseConnection->query('INSERT INTO `users` (`username`, `email`, `password`) VALUES (:username:, :email:, :password:)', [...], false)
 2 APPPATH\Controllers\AuthController.php(116): CodeIgniter\Database\BaseBuilder->insert([...])
 3 SYSTEMPATH\CodeIgniter.php(933): App\Controllers\AuthController->register()
 4 SYSTEMPATH\CodeIgniter.php(509): CodeIgniter\CodeIgniter->runController(Object(App\Controllers\AuthController))
 5 SYSTEMPATH\CodeIgniter.php(355): CodeIgniter\CodeIgniter->handleRequest(null, Object(Config\Cache), false)
 6 SYSTEMPATH\Boot.php(325): CodeIgniter\CodeIgniter->run()
 7 SYSTEMPATH\Boot.php(67): CodeIgniter\Boot::runCodeIgniter(Object(CodeIgniter\CodeIgniter))
 8 FCPATH\index.php(56): CodeIgniter\Boot::bootWeb(Object(Config\Paths))
 9 SYSTEMPATH\rewrite.php(44): require_once('C:\\laragon\\www\\codeigniter\\public\\index.php')
CRITICAL - 2024-07-03 07:29:53 --> [Caused by] CodeIgniter\Database\Exceptions\DatabaseException: Duplicate entry 'test3z44' for key 'users.username'
in SYSTEMPATH\Database\MySQLi\Connection.php on line 317.
 1 SYSTEMPATH\Database\BaseConnection.php(734): CodeIgniter\Database\MySQLi\Connection->execute('INSERT INTO `users` (`username`, `email`, `password`) VALUES (\'test3z44\', \'test3@aksa.com\', \'$2y$10$363iJizirXFF5OYH4GuDlOvTJF1oOS9S5gcV.hReqtcuxC4csZM0m\')')
 2 SYSTEMPATH\Database\BaseConnection.php(648): CodeIgniter\Database\BaseConnection->simpleQuery('INSERT INTO `users` (`username`, `email`, `password`) VALUES (\'test3z44\', \'test3@aksa.com\', \'$2y$10$363iJizirXFF5OYH4GuDlOvTJF1oOS9S5gcV.hReqtcuxC4csZM0m\')')
 3 SYSTEMPATH\Database\BaseBuilder.php(2332): CodeIgniter\Database\BaseConnection->query('INSERT INTO `users` (`username`, `email`, `password`) VALUES (:username:, :email:, :password:)', [...], false)
 4 APPPATH\Controllers\AuthController.php(116): CodeIgniter\Database\BaseBuilder->insert([...])
 5 SYSTEMPATH\CodeIgniter.php(933): App\Controllers\AuthController->register()
 6 SYSTEMPATH\CodeIgniter.php(509): CodeIgniter\CodeIgniter->runController(Object(App\Controllers\AuthController))
 7 SYSTEMPATH\CodeIgniter.php(355): CodeIgniter\CodeIgniter->handleRequest(null, Object(Config\Cache), false)
 8 SYSTEMPATH\Boot.php(325): CodeIgniter\CodeIgniter->run()
 9 SYSTEMPATH\Boot.php(67): CodeIgniter\Boot::runCodeIgniter(Object(CodeIgniter\CodeIgniter))
10 FCPATH\index.php(56): CodeIgniter\Boot::bootWeb(Object(Config\Paths))
11 SYSTEMPATH\rewrite.php(44): require_once('C:\\laragon\\www\\codeigniter\\public\\index.php')
CRITICAL - 2024-07-03 07:29:53 --> [Caused by] mysqli_sql_exception: Duplicate entry 'test3z44' for key 'users.username'
in SYSTEMPATH\Database\MySQLi\Connection.php on line 312.
 1 SYSTEMPATH\Database\MySQLi\Connection.php(312): mysqli->query('INSERT INTO `users` (`username`, `email`, `password`) VALUES (\'test3z44\', \'test3@aksa.com\', \'$2y$10$363iJizirXFF5OYH4GuDlOvTJF1oOS9S5gcV.hReqtcuxC4csZM0m\')', 0)
 2 SYSTEMPATH\Database\BaseConnection.php(734): CodeIgniter\Database\MySQLi\Connection->execute('INSERT INTO `users` (`username`, `email`, `password`) VALUES (\'test3z44\', \'test3@aksa.com\', \'$2y$10$363iJizirXFF5OYH4GuDlOvTJF1oOS9S5gcV.hReqtcuxC4csZM0m\')')
 3 SYSTEMPATH\Database\BaseConnection.php(648): CodeIgniter\Database\BaseConnection->simpleQuery('INSERT INTO `users` (`username`, `email`, `password`) VALUES (\'test3z44\', \'test3@aksa.com\', \'$2y$10$363iJizirXFF5OYH4GuDlOvTJF1oOS9S5gcV.hReqtcuxC4csZM0m\')')
 4 SYSTEMPATH\Database\BaseBuilder.php(2332): CodeIgniter\Database\BaseConnection->query('INSERT INTO `users` (`username`, `email`, `password`) VALUES (:username:, :email:, :password:)', [...], false)
 5 APPPATH\Controllers\AuthController.php(116): CodeIgniter\Database\BaseBuilder->insert([...])
 6 SYSTEMPATH\CodeIgniter.php(933): App\Controllers\AuthController->register()
 7 SYSTEMPATH\CodeIgniter.php(509): CodeIgniter\CodeIgniter->runController(Object(App\Controllers\AuthController))
 8 SYSTEMPATH\CodeIgniter.php(355): CodeIgniter\CodeIgniter->handleRequest(null, Object(Config\Cache), false)
 9 SYSTEMPATH\Boot.php(325): CodeIgniter\CodeIgniter->run()
10 SYSTEMPATH\Boot.php(67): CodeIgniter\Boot::runCodeIgniter(Object(CodeIgniter\CodeIgniter))
11 FCPATH\index.php(56): CodeIgniter\Boot::bootWeb(Object(Config\Paths))
12 SYSTEMPATH\rewrite.php(44): require_once('C:\\laragon\\www\\codeigniter\\public\\index.php')
ERROR - 2024-07-03 07:30:48 --> mysqli_sql_exception: Duplicate entry 'test3@aksa.com' for key 'users.email' in C:\laragon\www\codeigniter\system\Database\MySQLi\Connection.php:312
Stack trace:
#0 C:\laragon\www\codeigniter\system\Database\MySQLi\Connection.php(312): mysqli->query('INSERT INTO `us...', 0)
#1 C:\laragon\www\codeigniter\system\Database\BaseConnection.php(734): CodeIgniter\Database\MySQLi\Connection->execute('INSERT INTO `us...')
#2 C:\laragon\www\codeigniter\system\Database\BaseConnection.php(648): CodeIgniter\Database\BaseConnection->simpleQuery('INSERT INTO `us...')
#3 C:\laragon\www\codeigniter\system\Database\BaseBuilder.php(2332): CodeIgniter\Database\BaseConnection->query('INSERT INTO `us...', Array, false)
#4 C:\laragon\www\codeigniter\app\Controllers\AuthController.php(116): CodeIgniter\Database\BaseBuilder->insert(Array)
#5 C:\laragon\www\codeigniter\system\CodeIgniter.php(933): App\Controllers\AuthController->register()
#6 C:\laragon\www\codeigniter\system\CodeIgniter.php(509): CodeIgniter\CodeIgniter->runController(Object(App\Controllers\AuthController))
#7 C:\laragon\www\codeigniter\system\CodeIgniter.php(355): CodeIgniter\CodeIgniter->handleRequest(NULL, Object(Config\Cache), false)
#8 C:\laragon\www\codeigniter\system\Boot.php(325): CodeIgniter\CodeIgniter->run()
#9 C:\laragon\www\codeigniter\system\Boot.php(67): CodeIgniter\Boot::runCodeIgniter(Object(CodeIgniter\CodeIgniter))
#10 C:\laragon\www\codeigniter\public\index.php(56): CodeIgniter\Boot::bootWeb(Object(Config\Paths))
#11 C:\laragon\www\codeigniter\system\rewrite.php(44): require_once('C:\\laragon\\www\\...')
#12 {main}
CRITICAL - 2024-07-03 07:30:48 --> CodeIgniter\Database\Exceptions\DatabaseException: Duplicate entry 'test3@aksa.com' for key 'users.email'
[Method: POST, Route: register]
in SYSTEMPATH\Database\BaseConnection.php on line 688.
 1 SYSTEMPATH\Database\BaseBuilder.php(2332): CodeIgniter\Database\BaseConnection->query('INSERT INTO `users` (`username`, `email`, `password`) VALUES (:username:, :email:, :password:)', [...], false)
 2 APPPATH\Controllers\AuthController.php(116): CodeIgniter\Database\BaseBuilder->insert([...])
 3 SYSTEMPATH\CodeIgniter.php(933): App\Controllers\AuthController->register()
 4 SYSTEMPATH\CodeIgniter.php(509): CodeIgniter\CodeIgniter->runController(Object(App\Controllers\AuthController))
 5 SYSTEMPATH\CodeIgniter.php(355): CodeIgniter\CodeIgniter->handleRequest(null, Object(Config\Cache), false)
 6 SYSTEMPATH\Boot.php(325): CodeIgniter\CodeIgniter->run()
 7 SYSTEMPATH\Boot.php(67): CodeIgniter\Boot::runCodeIgniter(Object(CodeIgniter\CodeIgniter))
 8 FCPATH\index.php(56): CodeIgniter\Boot::bootWeb(Object(Config\Paths))
 9 SYSTEMPATH\rewrite.php(44): require_once('C:\\laragon\\www\\codeigniter\\public\\index.php')
CRITICAL - 2024-07-03 07:30:48 --> [Caused by] CodeIgniter\Database\Exceptions\DatabaseException: Duplicate entry 'test3@aksa.com' for key 'users.email'
in SYSTEMPATH\Database\MySQLi\Connection.php on line 317.
 1 SYSTEMPATH\Database\BaseConnection.php(734): CodeIgniter\Database\MySQLi\Connection->execute('INSERT INTO `users` (`username`, `email`, `password`) VALUES (\'test3sz44\', \'test3@aksa.com\', \'$2y$10$yN2GUN63kwJopd5QelV5H.N08h3ixccFba/DnW9M5qtop3VA6u536\')')
 2 SYSTEMPATH\Database\BaseConnection.php(648): CodeIgniter\Database\BaseConnection->simpleQuery('INSERT INTO `users` (`username`, `email`, `password`) VALUES (\'test3sz44\', \'test3@aksa.com\', \'$2y$10$yN2GUN63kwJopd5QelV5H.N08h3ixccFba/DnW9M5qtop3VA6u536\')')
 3 SYSTEMPATH\Database\BaseBuilder.php(2332): CodeIgniter\Database\BaseConnection->query('INSERT INTO `users` (`username`, `email`, `password`) VALUES (:username:, :email:, :password:)', [...], false)
 4 APPPATH\Controllers\AuthController.php(116): CodeIgniter\Database\BaseBuilder->insert([...])
 5 SYSTEMPATH\CodeIgniter.php(933): App\Controllers\AuthController->register()
 6 SYSTEMPATH\CodeIgniter.php(509): CodeIgniter\CodeIgniter->runController(Object(App\Controllers\AuthController))
 7 SYSTEMPATH\CodeIgniter.php(355): CodeIgniter\CodeIgniter->handleRequest(null, Object(Config\Cache), false)
 8 SYSTEMPATH\Boot.php(325): CodeIgniter\CodeIgniter->run()
 9 SYSTEMPATH\Boot.php(67): CodeIgniter\Boot::runCodeIgniter(Object(CodeIgniter\CodeIgniter))
10 FCPATH\index.php(56): CodeIgniter\Boot::bootWeb(Object(Config\Paths))
11 SYSTEMPATH\rewrite.php(44): require_once('C:\\laragon\\www\\codeigniter\\public\\index.php')
CRITICAL - 2024-07-03 07:30:48 --> [Caused by] mysqli_sql_exception: Duplicate entry 'test3@aksa.com' for key 'users.email'
in SYSTEMPATH\Database\MySQLi\Connection.php on line 312.
 1 SYSTEMPATH\Database\MySQLi\Connection.php(312): mysqli->query('INSERT INTO `users` (`username`, `email`, `password`) VALUES (\'test3sz44\', \'test3@aksa.com\', \'$2y$10$yN2GUN63kwJopd5QelV5H.N08h3ixccFba/DnW9M5qtop3VA6u536\')', 0)
 2 SYSTEMPATH\Database\BaseConnection.php(734): CodeIgniter\Database\MySQLi\Connection->execute('INSERT INTO `users` (`username`, `email`, `password`) VALUES (\'test3sz44\', \'test3@aksa.com\', \'$2y$10$yN2GUN63kwJopd5QelV5H.N08h3ixccFba/DnW9M5qtop3VA6u536\')')
 3 SYSTEMPATH\Database\BaseConnection.php(648): CodeIgniter\Database\BaseConnection->simpleQuery('INSERT INTO `users` (`username`, `email`, `password`) VALUES (\'test3sz44\', \'test3@aksa.com\', \'$2y$10$yN2GUN63kwJopd5QelV5H.N08h3ixccFba/DnW9M5qtop3VA6u536\')')
 4 SYSTEMPATH\Database\BaseBuilder.php(2332): CodeIgniter\Database\BaseConnection->query('INSERT INTO `users` (`username`, `email`, `password`) VALUES (:username:, :email:, :password:)', [...], false)
 5 APPPATH\Controllers\AuthController.php(116): CodeIgniter\Database\BaseBuilder->insert([...])
 6 SYSTEMPATH\CodeIgniter.php(933): App\Controllers\AuthController->register()
 7 SYSTEMPATH\CodeIgniter.php(509): CodeIgniter\CodeIgniter->runController(Object(App\Controllers\AuthController))
 8 SYSTEMPATH\CodeIgniter.php(355): CodeIgniter\CodeIgniter->handleRequest(null, Object(Config\Cache), false)
 9 SYSTEMPATH\Boot.php(325): CodeIgniter\CodeIgniter->run()
10 SYSTEMPATH\Boot.php(67): CodeIgniter\Boot::runCodeIgniter(Object(CodeIgniter\CodeIgniter))
11 FCPATH\index.php(56): CodeIgniter\Boot::bootWeb(Object(Config\Paths))
12 SYSTEMPATH\rewrite.php(44): require_once('C:\\laragon\\www\\codeigniter\\public\\index.php')
