ERROR - 2024-07-10 02:36:22 --> mysqli_sql_exception: Cannot add or update a child row: a foreign key constraint fails (`esoda_api_login`.`catalog_buku`, CONSTRAINT `catalog_buku_ibfk_1` FOREIGN KEY (`author_id`) REFERENCES `publisher` (`publisher_id`) ON DELETE RESTRICT ON UPDATE RESTRICT) in C:\laragon\www\codeigniter\system\Database\MySQLi\Connection.php:312
Stack trace:
#0 C:\laragon\www\codeigniter\system\Database\MySQLi\Connection.php(312): mysqli->query('INSERT INTO cat...', 0)
#1 C:\laragon\www\codeigniter\system\Database\BaseConnection.php(734): CodeIgniter\Database\MySQLi\Connection->execute('INSERT INTO cat...')
#2 C:\laragon\www\codeigniter\system\Database\BaseConnection.php(648): CodeIgniter\Database\BaseConnection->simpleQuery('INSERT INTO cat...')
#3 C:\laragon\www\codeigniter\app\Controllers\BookController.php(61): CodeIgniter\Database\BaseConnection->query('INSERT INTO cat...', Array)
#4 C:\laragon\www\codeigniter\system\CodeIgniter.php(933): App\Controllers\BookController->create()
#5 C:\laragon\www\codeigniter\system\CodeIgniter.php(509): CodeIgniter\CodeIgniter->runController(Object(App\Controllers\BookController))
#6 C:\laragon\www\codeigniter\system\CodeIgniter.php(355): CodeIgniter\CodeIgniter->handleRequest(NULL, Object(Config\Cache), false)
#7 C:\laragon\www\codeigniter\system\Boot.php(325): CodeIgniter\CodeIgniter->run()
#8 C:\laragon\www\codeigniter\system\Boot.php(67): CodeIgniter\Boot::runCodeIgniter(Object(CodeIgniter\CodeIgniter))
#9 C:\laragon\www\codeigniter\public\index.php(56): CodeIgniter\Boot::bootWeb(Object(Config\Paths))
#10 C:\laragon\www\codeigniter\system\rewrite.php(44): require_once('C:\\laragon\\www\\...')
#11 {main}
CRITICAL - 2024-07-10 02:36:22 --> CodeIgniter\Database\Exceptions\DatabaseException: Cannot add or update a child row: a foreign key constraint fails (`esoda_api_login`.`catalog_buku`, CONSTRAINT `catalog_buku_ibfk_1` FOREIGN KEY (`author_id`) REFERENCES `publisher` (`publisher_id`) ON DELETE RESTRICT ON UPDATE RESTRICT)
[Method: POST, Route: books/]
in SYSTEMPATH\Database\BaseConnection.php on line 688.
 1 APPPATH\Controllers\BookController.php(61): CodeIgniter\Database\BaseConnection->query('INSERT INTO catalog_buku (title, publisher_id, publication_year, isbn, author_id) VALUES (:title:, :publisher_id:, :publication_year:, :isbn:, :author_id:)', [...])
 2 SYSTEMPATH\CodeIgniter.php(933): App\Controllers\BookController->create()
 3 SYSTEMPATH\CodeIgniter.php(509): CodeIgniter\CodeIgniter->runController(Object(App\Controllers\BookController))
 4 SYSTEMPATH\CodeIgniter.php(355): CodeIgniter\CodeIgniter->handleRequest(null, Object(Config\Cache), false)
 5 SYSTEMPATH\Boot.php(325): CodeIgniter\CodeIgniter->run()
 6 SYSTEMPATH\Boot.php(67): CodeIgniter\Boot::runCodeIgniter(Object(CodeIgniter\CodeIgniter))
 7 FCPATH\index.php(56): CodeIgniter\Boot::bootWeb(Object(Config\Paths))
 8 SYSTEMPATH\rewrite.php(44): require_once('C:\\laragon\\www\\codeigniter\\public\\index.php')
CRITICAL - 2024-07-10 02:36:22 --> [Caused by] CodeIgniter\Database\Exceptions\DatabaseException: Cannot add or update a child row: a foreign key constraint fails (`esoda_api_login`.`catalog_buku`, CONSTRAINT `catalog_buku_ibfk_1` FOREIGN KEY (`author_id`) REFERENCES `publisher` (`publisher_id`) ON DELETE RESTRICT ON UPDATE RESTRICT)
in SYSTEMPATH\Database\MySQLi\Connection.php on line 317.
 1 SYSTEMPATH\Database\BaseConnection.php(734): CodeIgniter\Database\MySQLi\Connection->execute('INSERT INTO catalog_buku (title, publisher_id, publication_year, isbn, author_id) VALUES (\'The title field is required.\', \'The publisher_id field is required.\', \'The publication_year field is required.\', \'The isbn field is required.\', \'The author_id field is required.\')')
 2 SYSTEMPATH\Database\BaseConnection.php(648): CodeIgniter\Database\BaseConnection->simpleQuery('INSERT INTO catalog_buku (title, publisher_id, publication_year, isbn, author_id) VALUES (\'The title field is required.\', \'The publisher_id field is required.\', \'The publication_year field is required.\', \'The isbn field is required.\', \'The author_id field is required.\')')
 3 APPPATH\Controllers\BookController.php(61): CodeIgniter\Database\BaseConnection->query('INSERT INTO catalog_buku (title, publisher_id, publication_year, isbn, author_id) VALUES (:title:, :publisher_id:, :publication_year:, :isbn:, :author_id:)', [...])
 4 SYSTEMPATH\CodeIgniter.php(933): App\Controllers\BookController->create()
 5 SYSTEMPATH\CodeIgniter.php(509): CodeIgniter\CodeIgniter->runController(Object(App\Controllers\BookController))
 6 SYSTEMPATH\CodeIgniter.php(355): CodeIgniter\CodeIgniter->handleRequest(null, Object(Config\Cache), false)
 7 SYSTEMPATH\Boot.php(325): CodeIgniter\CodeIgniter->run()
 8 SYSTEMPATH\Boot.php(67): CodeIgniter\Boot::runCodeIgniter(Object(CodeIgniter\CodeIgniter))
 9 FCPATH\index.php(56): CodeIgniter\Boot::bootWeb(Object(Config\Paths))
10 SYSTEMPATH\rewrite.php(44): require_once('C:\\laragon\\www\\codeigniter\\public\\index.php')
CRITICAL - 2024-07-10 02:36:22 --> [Caused by] mysqli_sql_exception: Cannot add or update a child row: a foreign key constraint fails (`esoda_api_login`.`catalog_buku`, CONSTRAINT `catalog_buku_ibfk_1` FOREIGN KEY (`author_id`) REFERENCES `publisher` (`publisher_id`) ON DELETE RESTRICT ON UPDATE RESTRICT)
in SYSTEMPATH\Database\MySQLi\Connection.php on line 312.
 1 SYSTEMPATH\Database\MySQLi\Connection.php(312): mysqli->query('INSERT INTO catalog_buku (title, publisher_id, publication_year, isbn, author_id) VALUES (\'The title field is required.\', \'The publisher_id field is required.\', \'The publication_year field is required.\', \'The isbn field is required.\', \'The author_id field is required.\')', 0)
 2 SYSTEMPATH\Database\BaseConnection.php(734): CodeIgniter\Database\MySQLi\Connection->execute('INSERT INTO catalog_buku (title, publisher_id, publication_year, isbn, author_id) VALUES (\'The title field is required.\', \'The publisher_id field is required.\', \'The publication_year field is required.\', \'The isbn field is required.\', \'The author_id field is required.\')')
 3 SYSTEMPATH\Database\BaseConnection.php(648): CodeIgniter\Database\BaseConnection->simpleQuery('INSERT INTO catalog_buku (title, publisher_id, publication_year, isbn, author_id) VALUES (\'The title field is required.\', \'The publisher_id field is required.\', \'The publication_year field is required.\', \'The isbn field is required.\', \'The author_id field is required.\')')
 4 APPPATH\Controllers\BookController.php(61): CodeIgniter\Database\BaseConnection->query('INSERT INTO catalog_buku (title, publisher_id, publication_year, isbn, author_id) VALUES (:title:, :publisher_id:, :publication_year:, :isbn:, :author_id:)', [...])
 5 SYSTEMPATH\CodeIgniter.php(933): App\Controllers\BookController->create()
 6 SYSTEMPATH\CodeIgniter.php(509): CodeIgniter\CodeIgniter->runController(Object(App\Controllers\BookController))
 7 SYSTEMPATH\CodeIgniter.php(355): CodeIgniter\CodeIgniter->handleRequest(null, Object(Config\Cache), false)
 8 SYSTEMPATH\Boot.php(325): CodeIgniter\CodeIgniter->run()
 9 SYSTEMPATH\Boot.php(67): CodeIgniter\Boot::runCodeIgniter(Object(CodeIgniter\CodeIgniter))
10 FCPATH\index.php(56): CodeIgniter\Boot::bootWeb(Object(Config\Paths))
11 SYSTEMPATH\rewrite.php(44): require_once('C:\\laragon\\www\\codeigniter\\public\\index.php')
ERROR - 2024-07-10 02:37:04 --> mysqli_sql_exception: Cannot add or update a child row: a foreign key constraint fails (`esoda_api_login`.`catalog_buku`, CONSTRAINT `catalog_buku_ibfk_1` FOREIGN KEY (`author_id`) REFERENCES `publisher` (`publisher_id`) ON DELETE RESTRICT ON UPDATE RESTRICT) in C:\laragon\www\codeigniter\system\Database\MySQLi\Connection.php:312
Stack trace:
#0 C:\laragon\www\codeigniter\system\Database\MySQLi\Connection.php(312): mysqli->query('INSERT INTO cat...', 0)
#1 C:\laragon\www\codeigniter\system\Database\BaseConnection.php(734): CodeIgniter\Database\MySQLi\Connection->execute('INSERT INTO cat...')
#2 C:\laragon\www\codeigniter\system\Database\BaseConnection.php(648): CodeIgniter\Database\BaseConnection->simpleQuery('INSERT INTO cat...')
#3 C:\laragon\www\codeigniter\app\Controllers\BookController.php(61): CodeIgniter\Database\BaseConnection->query('INSERT INTO cat...', Array)
#4 C:\laragon\www\codeigniter\system\CodeIgniter.php(933): App\Controllers\BookController->create()
#5 C:\laragon\www\codeigniter\system\CodeIgniter.php(509): CodeIgniter\CodeIgniter->runController(Object(App\Controllers\BookController))
#6 C:\laragon\www\codeigniter\system\CodeIgniter.php(355): CodeIgniter\CodeIgniter->handleRequest(NULL, Object(Config\Cache), false)
#7 C:\laragon\www\codeigniter\system\Boot.php(325): CodeIgniter\CodeIgniter->run()
#8 C:\laragon\www\codeigniter\system\Boot.php(67): CodeIgniter\Boot::runCodeIgniter(Object(CodeIgniter\CodeIgniter))
#9 C:\laragon\www\codeigniter\public\index.php(56): CodeIgniter\Boot::bootWeb(Object(Config\Paths))
#10 C:\laragon\www\codeigniter\system\rewrite.php(44): require_once('C:\\laragon\\www\\...')
#11 {main}
CRITICAL - 2024-07-10 02:37:04 --> CodeIgniter\Database\Exceptions\DatabaseException: Cannot add or update a child row: a foreign key constraint fails (`esoda_api_login`.`catalog_buku`, CONSTRAINT `catalog_buku_ibfk_1` FOREIGN KEY (`author_id`) REFERENCES `publisher` (`publisher_id`) ON DELETE RESTRICT ON UPDATE RESTRICT)
[Method: POST, Route: books/]
in SYSTEMPATH\Database\BaseConnection.php on line 688.
 1 APPPATH\Controllers\BookController.php(61): CodeIgniter\Database\BaseConnection->query('INSERT INTO catalog_buku (title, publisher_id, publication_year, isbn, author_id) VALUES (:title:, :publisher_id:, :publication_year:, :isbn:, :author_id:)', [...])
 2 SYSTEMPATH\CodeIgniter.php(933): App\Controllers\BookController->create()
 3 SYSTEMPATH\CodeIgniter.php(509): CodeIgniter\CodeIgniter->runController(Object(App\Controllers\BookController))
 4 SYSTEMPATH\CodeIgniter.php(355): CodeIgniter\CodeIgniter->handleRequest(null, Object(Config\Cache), false)
 5 SYSTEMPATH\Boot.php(325): CodeIgniter\CodeIgniter->run()
 6 SYSTEMPATH\Boot.php(67): CodeIgniter\Boot::runCodeIgniter(Object(CodeIgniter\CodeIgniter))
 7 FCPATH\index.php(56): CodeIgniter\Boot::bootWeb(Object(Config\Paths))
 8 SYSTEMPATH\rewrite.php(44): require_once('C:\\laragon\\www\\codeigniter\\public\\index.php')
CRITICAL - 2024-07-10 02:37:04 --> [Caused by] CodeIgniter\Database\Exceptions\DatabaseException: Cannot add or update a child row: a foreign key constraint fails (`esoda_api_login`.`catalog_buku`, CONSTRAINT `catalog_buku_ibfk_1` FOREIGN KEY (`author_id`) REFERENCES `publisher` (`publisher_id`) ON DELETE RESTRICT ON UPDATE RESTRICT)
in SYSTEMPATH\Database\MySQLi\Connection.php on line 317.
 1 SYSTEMPATH\Database\BaseConnection.php(734): CodeIgniter\Database\MySQLi\Connection->execute('INSERT INTO catalog_buku (title, publisher_id, publication_year, isbn, author_id) VALUES (\'The title field is required.\', \'1.\', \'The publication_year field is required.\', \'The isbn field is required.\', \'The author_id field is required.\')')
 2 SYSTEMPATH\Database\BaseConnection.php(648): CodeIgniter\Database\BaseConnection->simpleQuery('INSERT INTO catalog_buku (title, publisher_id, publication_year, isbn, author_id) VALUES (\'The title field is required.\', \'1.\', \'The publication_year field is required.\', \'The isbn field is required.\', \'The author_id field is required.\')')
 3 APPPATH\Controllers\BookController.php(61): CodeIgniter\Database\BaseConnection->query('INSERT INTO catalog_buku (title, publisher_id, publication_year, isbn, author_id) VALUES (:title:, :publisher_id:, :publication_year:, :isbn:, :author_id:)', [...])
 4 SYSTEMPATH\CodeIgniter.php(933): App\Controllers\BookController->create()
 5 SYSTEMPATH\CodeIgniter.php(509): CodeIgniter\CodeIgniter->runController(Object(App\Controllers\BookController))
 6 SYSTEMPATH\CodeIgniter.php(355): CodeIgniter\CodeIgniter->handleRequest(null, Object(Config\Cache), false)
 7 SYSTEMPATH\Boot.php(325): CodeIgniter\CodeIgniter->run()
 8 SYSTEMPATH\Boot.php(67): CodeIgniter\Boot::runCodeIgniter(Object(CodeIgniter\CodeIgniter))
 9 FCPATH\index.php(56): CodeIgniter\Boot::bootWeb(Object(Config\Paths))
10 SYSTEMPATH\rewrite.php(44): require_once('C:\\laragon\\www\\codeigniter\\public\\index.php')
CRITICAL - 2024-07-10 02:37:04 --> [Caused by] mysqli_sql_exception: Cannot add or update a child row: a foreign key constraint fails (`esoda_api_login`.`catalog_buku`, CONSTRAINT `catalog_buku_ibfk_1` FOREIGN KEY (`author_id`) REFERENCES `publisher` (`publisher_id`) ON DELETE RESTRICT ON UPDATE RESTRICT)
in SYSTEMPATH\Database\MySQLi\Connection.php on line 312.
 1 SYSTEMPATH\Database\MySQLi\Connection.php(312): mysqli->query('INSERT INTO catalog_buku (title, publisher_id, publication_year, isbn, author_id) VALUES (\'The title field is required.\', \'1.\', \'The publication_year field is required.\', \'The isbn field is required.\', \'The author_id field is required.\')', 0)
 2 SYSTEMPATH\Database\BaseConnection.php(734): CodeIgniter\Database\MySQLi\Connection->execute('INSERT INTO catalog_buku (title, publisher_id, publication_year, isbn, author_id) VALUES (\'The title field is required.\', \'1.\', \'The publication_year field is required.\', \'The isbn field is required.\', \'The author_id field is required.\')')
 3 SYSTEMPATH\Database\BaseConnection.php(648): CodeIgniter\Database\BaseConnection->simpleQuery('INSERT INTO catalog_buku (title, publisher_id, publication_year, isbn, author_id) VALUES (\'The title field is required.\', \'1.\', \'The publication_year field is required.\', \'The isbn field is required.\', \'The author_id field is required.\')')
 4 APPPATH\Controllers\BookController.php(61): CodeIgniter\Database\BaseConnection->query('INSERT INTO catalog_buku (title, publisher_id, publication_year, isbn, author_id) VALUES (:title:, :publisher_id:, :publication_year:, :isbn:, :author_id:)', [...])
 5 SYSTEMPATH\CodeIgniter.php(933): App\Controllers\BookController->create()
 6 SYSTEMPATH\CodeIgniter.php(509): CodeIgniter\CodeIgniter->runController(Object(App\Controllers\BookController))
 7 SYSTEMPATH\CodeIgniter.php(355): CodeIgniter\CodeIgniter->handleRequest(null, Object(Config\Cache), false)
 8 SYSTEMPATH\Boot.php(325): CodeIgniter\CodeIgniter->run()
 9 SYSTEMPATH\Boot.php(67): CodeIgniter\Boot::runCodeIgniter(Object(CodeIgniter\CodeIgniter))
10 FCPATH\index.php(56): CodeIgniter\Boot::bootWeb(Object(Config\Paths))
11 SYSTEMPATH\rewrite.php(44): require_once('C:\\laragon\\www\\codeigniter\\public\\index.php')
ERROR - 2024-07-10 02:37:25 --> mysqli_sql_exception: Duplicate entry '1' for key 'catalog_buku.author_id' in C:\laragon\www\codeigniter\system\Database\MySQLi\Connection.php:312
Stack trace:
#0 C:\laragon\www\codeigniter\system\Database\MySQLi\Connection.php(312): mysqli->query('INSERT INTO cat...', 0)
#1 C:\laragon\www\codeigniter\system\Database\BaseConnection.php(734): CodeIgniter\Database\MySQLi\Connection->execute('INSERT INTO cat...')
#2 C:\laragon\www\codeigniter\system\Database\BaseConnection.php(648): CodeIgniter\Database\BaseConnection->simpleQuery('INSERT INTO cat...')
#3 C:\laragon\www\codeigniter\app\Controllers\BookController.php(61): CodeIgniter\Database\BaseConnection->query('INSERT INTO cat...', Array)
#4 C:\laragon\www\codeigniter\system\CodeIgniter.php(933): App\Controllers\BookController->create()
#5 C:\laragon\www\codeigniter\system\CodeIgniter.php(509): CodeIgniter\CodeIgniter->runController(Object(App\Controllers\BookController))
#6 C:\laragon\www\codeigniter\system\CodeIgniter.php(355): CodeIgniter\CodeIgniter->handleRequest(NULL, Object(Config\Cache), false)
#7 C:\laragon\www\codeigniter\system\Boot.php(325): CodeIgniter\CodeIgniter->run()
#8 C:\laragon\www\codeigniter\system\Boot.php(67): CodeIgniter\Boot::runCodeIgniter(Object(CodeIgniter\CodeIgniter))
#9 C:\laragon\www\codeigniter\public\index.php(56): CodeIgniter\Boot::bootWeb(Object(Config\Paths))
#10 C:\laragon\www\codeigniter\system\rewrite.php(44): require_once('C:\\laragon\\www\\...')
#11 {main}
CRITICAL - 2024-07-10 02:37:25 --> CodeIgniter\Database\Exceptions\DatabaseException: Duplicate entry '1' for key 'catalog_buku.author_id'
[Method: POST, Route: books/]
in SYSTEMPATH\Database\BaseConnection.php on line 688.
 1 APPPATH\Controllers\BookController.php(61): CodeIgniter\Database\BaseConnection->query('INSERT INTO catalog_buku (title, publisher_id, publication_year, isbn, author_id) VALUES (:title:, :publisher_id:, :publication_year:, :isbn:, :author_id:)', [...])
 2 SYSTEMPATH\CodeIgniter.php(933): App\Controllers\BookController->create()
 3 SYSTEMPATH\CodeIgniter.php(509): CodeIgniter\CodeIgniter->runController(Object(App\Controllers\BookController))
 4 SYSTEMPATH\CodeIgniter.php(355): CodeIgniter\CodeIgniter->handleRequest(null, Object(Config\Cache), false)
 5 SYSTEMPATH\Boot.php(325): CodeIgniter\CodeIgniter->run()
 6 SYSTEMPATH\Boot.php(67): CodeIgniter\Boot::runCodeIgniter(Object(CodeIgniter\CodeIgniter))
 7 FCPATH\index.php(56): CodeIgniter\Boot::bootWeb(Object(Config\Paths))
 8 SYSTEMPATH\rewrite.php(44): require_once('C:\\laragon\\www\\codeigniter\\public\\index.php')
CRITICAL - 2024-07-10 02:37:25 --> [Caused by] CodeIgniter\Database\Exceptions\DatabaseException: Duplicate entry '1' for key 'catalog_buku.author_id'
in SYSTEMPATH\Database\MySQLi\Connection.php on line 317.
 1 SYSTEMPATH\Database\BaseConnection.php(734): CodeIgniter\Database\MySQLi\Connection->execute('INSERT INTO catalog_buku (title, publisher_id, publication_year, isbn, author_id) VALUES (\'The title field is required.\', \'1.\', \'The publication_year field is required.\', \'The isbn field is required.\', \'1.\')')
 2 SYSTEMPATH\Database\BaseConnection.php(648): CodeIgniter\Database\BaseConnection->simpleQuery('INSERT INTO catalog_buku (title, publisher_id, publication_year, isbn, author_id) VALUES (\'The title field is required.\', \'1.\', \'The publication_year field is required.\', \'The isbn field is required.\', \'1.\')')
 3 APPPATH\Controllers\BookController.php(61): CodeIgniter\Database\BaseConnection->query('INSERT INTO catalog_buku (title, publisher_id, publication_year, isbn, author_id) VALUES (:title:, :publisher_id:, :publication_year:, :isbn:, :author_id:)', [...])
 4 SYSTEMPATH\CodeIgniter.php(933): App\Controllers\BookController->create()
 5 SYSTEMPATH\CodeIgniter.php(509): CodeIgniter\CodeIgniter->runController(Object(App\Controllers\BookController))
 6 SYSTEMPATH\CodeIgniter.php(355): CodeIgniter\CodeIgniter->handleRequest(null, Object(Config\Cache), false)
 7 SYSTEMPATH\Boot.php(325): CodeIgniter\CodeIgniter->run()
 8 SYSTEMPATH\Boot.php(67): CodeIgniter\Boot::runCodeIgniter(Object(CodeIgniter\CodeIgniter))
 9 FCPATH\index.php(56): CodeIgniter\Boot::bootWeb(Object(Config\Paths))
10 SYSTEMPATH\rewrite.php(44): require_once('C:\\laragon\\www\\codeigniter\\public\\index.php')
CRITICAL - 2024-07-10 02:37:25 --> [Caused by] mysqli_sql_exception: Duplicate entry '1' for key 'catalog_buku.author_id'
in SYSTEMPATH\Database\MySQLi\Connection.php on line 312.
 1 SYSTEMPATH\Database\MySQLi\Connection.php(312): mysqli->query('INSERT INTO catalog_buku (title, publisher_id, publication_year, isbn, author_id) VALUES (\'The title field is required.\', \'1.\', \'The publication_year field is required.\', \'The isbn field is required.\', \'1.\')', 0)
 2 SYSTEMPATH\Database\BaseConnection.php(734): CodeIgniter\Database\MySQLi\Connection->execute('INSERT INTO catalog_buku (title, publisher_id, publication_year, isbn, author_id) VALUES (\'The title field is required.\', \'1.\', \'The publication_year field is required.\', \'The isbn field is required.\', \'1.\')')
 3 SYSTEMPATH\Database\BaseConnection.php(648): CodeIgniter\Database\BaseConnection->simpleQuery('INSERT INTO catalog_buku (title, publisher_id, publication_year, isbn, author_id) VALUES (\'The title field is required.\', \'1.\', \'The publication_year field is required.\', \'The isbn field is required.\', \'1.\')')
 4 APPPATH\Controllers\BookController.php(61): CodeIgniter\Database\BaseConnection->query('INSERT INTO catalog_buku (title, publisher_id, publication_year, isbn, author_id) VALUES (:title:, :publisher_id:, :publication_year:, :isbn:, :author_id:)', [...])
 5 SYSTEMPATH\CodeIgniter.php(933): App\Controllers\BookController->create()
 6 SYSTEMPATH\CodeIgniter.php(509): CodeIgniter\CodeIgniter->runController(Object(App\Controllers\BookController))
 7 SYSTEMPATH\CodeIgniter.php(355): CodeIgniter\CodeIgniter->handleRequest(null, Object(Config\Cache), false)
 8 SYSTEMPATH\Boot.php(325): CodeIgniter\CodeIgniter->run()
 9 SYSTEMPATH\Boot.php(67): CodeIgniter\Boot::runCodeIgniter(Object(CodeIgniter\CodeIgniter))
10 FCPATH\index.php(56): CodeIgniter\Boot::bootWeb(Object(Config\Paths))
11 SYSTEMPATH\rewrite.php(44): require_once('C:\\laragon\\www\\codeigniter\\public\\index.php')
ERROR - 2024-07-10 02:37:35 --> mysqli_sql_exception: Cannot add or update a child row: a foreign key constraint fails (`esoda_api_login`.`catalog_buku`, CONSTRAINT `catalog_buku_ibfk_1` FOREIGN KEY (`author_id`) REFERENCES `publisher` (`publisher_id`) ON DELETE RESTRICT ON UPDATE RESTRICT) in C:\laragon\www\codeigniter\system\Database\MySQLi\Connection.php:312
Stack trace:
#0 C:\laragon\www\codeigniter\system\Database\MySQLi\Connection.php(312): mysqli->query('INSERT INTO cat...', 0)
#1 C:\laragon\www\codeigniter\system\Database\BaseConnection.php(734): CodeIgniter\Database\MySQLi\Connection->execute('INSERT INTO cat...')
#2 C:\laragon\www\codeigniter\system\Database\BaseConnection.php(648): CodeIgniter\Database\BaseConnection->simpleQuery('INSERT INTO cat...')
#3 C:\laragon\www\codeigniter\app\Controllers\BookController.php(61): CodeIgniter\Database\BaseConnection->query('INSERT INTO cat...', Array)
#4 C:\laragon\www\codeigniter\system\CodeIgniter.php(933): App\Controllers\BookController->create()
#5 C:\laragon\www\codeigniter\system\CodeIgniter.php(509): CodeIgniter\CodeIgniter->runController(Object(App\Controllers\BookController))
#6 C:\laragon\www\codeigniter\system\CodeIgniter.php(355): CodeIgniter\CodeIgniter->handleRequest(NULL, Object(Config\Cache), false)
#7 C:\laragon\www\codeigniter\system\Boot.php(325): CodeIgniter\CodeIgniter->run()
#8 C:\laragon\www\codeigniter\system\Boot.php(67): CodeIgniter\Boot::runCodeIgniter(Object(CodeIgniter\CodeIgniter))
#9 C:\laragon\www\codeigniter\public\index.php(56): CodeIgniter\Boot::bootWeb(Object(Config\Paths))
#10 C:\laragon\www\codeigniter\system\rewrite.php(44): require_once('C:\\laragon\\www\\...')
#11 {main}
CRITICAL - 2024-07-10 02:37:35 --> CodeIgniter\Database\Exceptions\DatabaseException: Cannot add or update a child row: a foreign key constraint fails (`esoda_api_login`.`catalog_buku`, CONSTRAINT `catalog_buku_ibfk_1` FOREIGN KEY (`author_id`) REFERENCES `publisher` (`publisher_id`) ON DELETE RESTRICT ON UPDATE RESTRICT)
[Method: POST, Route: books/]
in SYSTEMPATH\Database\BaseConnection.php on line 688.
 1 APPPATH\Controllers\BookController.php(61): CodeIgniter\Database\BaseConnection->query('INSERT INTO catalog_buku (title, publisher_id, publication_year, isbn, author_id) VALUES (:title:, :publisher_id:, :publication_year:, :isbn:, :author_id:)', [...])
 2 SYSTEMPATH\CodeIgniter.php(933): App\Controllers\BookController->create()
 3 SYSTEMPATH\CodeIgniter.php(509): CodeIgniter\CodeIgniter->runController(Object(App\Controllers\BookController))
 4 SYSTEMPATH\CodeIgniter.php(355): CodeIgniter\CodeIgniter->handleRequest(null, Object(Config\Cache), false)
 5 SYSTEMPATH\Boot.php(325): CodeIgniter\CodeIgniter->run()
 6 SYSTEMPATH\Boot.php(67): CodeIgniter\Boot::runCodeIgniter(Object(CodeIgniter\CodeIgniter))
 7 FCPATH\index.php(56): CodeIgniter\Boot::bootWeb(Object(Config\Paths))
 8 SYSTEMPATH\rewrite.php(44): require_once('C:\\laragon\\www\\codeigniter\\public\\index.php')
CRITICAL - 2024-07-10 02:37:35 --> [Caused by] CodeIgniter\Database\Exceptions\DatabaseException: Cannot add or update a child row: a foreign key constraint fails (`esoda_api_login`.`catalog_buku`, CONSTRAINT `catalog_buku_ibfk_1` FOREIGN KEY (`author_id`) REFERENCES `publisher` (`publisher_id`) ON DELETE RESTRICT ON UPDATE RESTRICT)
in SYSTEMPATH\Database\MySQLi\Connection.php on line 317.
 1 SYSTEMPATH\Database\BaseConnection.php(734): CodeIgniter\Database\MySQLi\Connection->execute('INSERT INTO catalog_buku (title, publisher_id, publication_year, isbn, author_id) VALUES (\'The title field is required.\', \'1.\', \'The publication_year field is required.\', \'The isbn field is required.\', \'2\')')
 2 SYSTEMPATH\Database\BaseConnection.php(648): CodeIgniter\Database\BaseConnection->simpleQuery('INSERT INTO catalog_buku (title, publisher_id, publication_year, isbn, author_id) VALUES (\'The title field is required.\', \'1.\', \'The publication_year field is required.\', \'The isbn field is required.\', \'2\')')
 3 APPPATH\Controllers\BookController.php(61): CodeIgniter\Database\BaseConnection->query('INSERT INTO catalog_buku (title, publisher_id, publication_year, isbn, author_id) VALUES (:title:, :publisher_id:, :publication_year:, :isbn:, :author_id:)', [...])
 4 SYSTEMPATH\CodeIgniter.php(933): App\Controllers\BookController->create()
 5 SYSTEMPATH\CodeIgniter.php(509): CodeIgniter\CodeIgniter->runController(Object(App\Controllers\BookController))
 6 SYSTEMPATH\CodeIgniter.php(355): CodeIgniter\CodeIgniter->handleRequest(null, Object(Config\Cache), false)
 7 SYSTEMPATH\Boot.php(325): CodeIgniter\CodeIgniter->run()
 8 SYSTEMPATH\Boot.php(67): CodeIgniter\Boot::runCodeIgniter(Object(CodeIgniter\CodeIgniter))
 9 FCPATH\index.php(56): CodeIgniter\Boot::bootWeb(Object(Config\Paths))
10 SYSTEMPATH\rewrite.php(44): require_once('C:\\laragon\\www\\codeigniter\\public\\index.php')
CRITICAL - 2024-07-10 02:37:35 --> [Caused by] mysqli_sql_exception: Cannot add or update a child row: a foreign key constraint fails (`esoda_api_login`.`catalog_buku`, CONSTRAINT `catalog_buku_ibfk_1` FOREIGN KEY (`author_id`) REFERENCES `publisher` (`publisher_id`) ON DELETE RESTRICT ON UPDATE RESTRICT)
in SYSTEMPATH\Database\MySQLi\Connection.php on line 312.
 1 SYSTEMPATH\Database\MySQLi\Connection.php(312): mysqli->query('INSERT INTO catalog_buku (title, publisher_id, publication_year, isbn, author_id) VALUES (\'The title field is required.\', \'1.\', \'The publication_year field is required.\', \'The isbn field is required.\', \'2\')', 0)
 2 SYSTEMPATH\Database\BaseConnection.php(734): CodeIgniter\Database\MySQLi\Connection->execute('INSERT INTO catalog_buku (title, publisher_id, publication_year, isbn, author_id) VALUES (\'The title field is required.\', \'1.\', \'The publication_year field is required.\', \'The isbn field is required.\', \'2\')')
 3 SYSTEMPATH\Database\BaseConnection.php(648): CodeIgniter\Database\BaseConnection->simpleQuery('INSERT INTO catalog_buku (title, publisher_id, publication_year, isbn, author_id) VALUES (\'The title field is required.\', \'1.\', \'The publication_year field is required.\', \'The isbn field is required.\', \'2\')')
 4 APPPATH\Controllers\BookController.php(61): CodeIgniter\Database\BaseConnection->query('INSERT INTO catalog_buku (title, publisher_id, publication_year, isbn, author_id) VALUES (:title:, :publisher_id:, :publication_year:, :isbn:, :author_id:)', [...])
 5 SYSTEMPATH\CodeIgniter.php(933): App\Controllers\BookController->create()
 6 SYSTEMPATH\CodeIgniter.php(509): CodeIgniter\CodeIgniter->runController(Object(App\Controllers\BookController))
 7 SYSTEMPATH\CodeIgniter.php(355): CodeIgniter\CodeIgniter->handleRequest(null, Object(Config\Cache), false)
 8 SYSTEMPATH\Boot.php(325): CodeIgniter\CodeIgniter->run()
 9 SYSTEMPATH\Boot.php(67): CodeIgniter\Boot::runCodeIgniter(Object(CodeIgniter\CodeIgniter))
10 FCPATH\index.php(56): CodeIgniter\Boot::bootWeb(Object(Config\Paths))
11 SYSTEMPATH\rewrite.php(44): require_once('C:\\laragon\\www\\codeigniter\\public\\index.php')
ERROR - 2024-07-10 02:37:39 --> mysqli_sql_exception: Cannot add or update a child row: a foreign key constraint fails (`esoda_api_login`.`catalog_buku`, CONSTRAINT `catalog_buku_ibfk_1` FOREIGN KEY (`author_id`) REFERENCES `publisher` (`publisher_id`) ON DELETE RESTRICT ON UPDATE RESTRICT) in C:\laragon\www\codeigniter\system\Database\MySQLi\Connection.php:312
Stack trace:
#0 C:\laragon\www\codeigniter\system\Database\MySQLi\Connection.php(312): mysqli->query('INSERT INTO cat...', 0)
#1 C:\laragon\www\codeigniter\system\Database\BaseConnection.php(734): CodeIgniter\Database\MySQLi\Connection->execute('INSERT INTO cat...')
#2 C:\laragon\www\codeigniter\system\Database\BaseConnection.php(648): CodeIgniter\Database\BaseConnection->simpleQuery('INSERT INTO cat...')
#3 C:\laragon\www\codeigniter\app\Controllers\BookController.php(61): CodeIgniter\Database\BaseConnection->query('INSERT INTO cat...', Array)
#4 C:\laragon\www\codeigniter\system\CodeIgniter.php(933): App\Controllers\BookController->create()
#5 C:\laragon\www\codeigniter\system\CodeIgniter.php(509): CodeIgniter\CodeIgniter->runController(Object(App\Controllers\BookController))
#6 C:\laragon\www\codeigniter\system\CodeIgniter.php(355): CodeIgniter\CodeIgniter->handleRequest(NULL, Object(Config\Cache), false)
#7 C:\laragon\www\codeigniter\system\Boot.php(325): CodeIgniter\CodeIgniter->run()
#8 C:\laragon\www\codeigniter\system\Boot.php(67): CodeIgniter\Boot::runCodeIgniter(Object(CodeIgniter\CodeIgniter))
#9 C:\laragon\www\codeigniter\public\index.php(56): CodeIgniter\Boot::bootWeb(Object(Config\Paths))
#10 C:\laragon\www\codeigniter\system\rewrite.php(44): require_once('C:\\laragon\\www\\...')
#11 {main}
CRITICAL - 2024-07-10 02:37:39 --> CodeIgniter\Database\Exceptions\DatabaseException: Cannot add or update a child row: a foreign key constraint fails (`esoda_api_login`.`catalog_buku`, CONSTRAINT `catalog_buku_ibfk_1` FOREIGN KEY (`author_id`) REFERENCES `publisher` (`publisher_id`) ON DELETE RESTRICT ON UPDATE RESTRICT)
[Method: POST, Route: books/]
in SYSTEMPATH\Database\BaseConnection.php on line 688.
 1 APPPATH\Controllers\BookController.php(61): CodeIgniter\Database\BaseConnection->query('INSERT INTO catalog_buku (title, publisher_id, publication_year, isbn, author_id) VALUES (:title:, :publisher_id:, :publication_year:, :isbn:, :author_id:)', [...])
 2 SYSTEMPATH\CodeIgniter.php(933): App\Controllers\BookController->create()
 3 SYSTEMPATH\CodeIgniter.php(509): CodeIgniter\CodeIgniter->runController(Object(App\Controllers\BookController))
 4 SYSTEMPATH\CodeIgniter.php(355): CodeIgniter\CodeIgniter->handleRequest(null, Object(Config\Cache), false)
 5 SYSTEMPATH\Boot.php(325): CodeIgniter\CodeIgniter->run()
 6 SYSTEMPATH\Boot.php(67): CodeIgniter\Boot::runCodeIgniter(Object(CodeIgniter\CodeIgniter))
 7 FCPATH\index.php(56): CodeIgniter\Boot::bootWeb(Object(Config\Paths))
 8 SYSTEMPATH\rewrite.php(44): require_once('C:\\laragon\\www\\codeigniter\\public\\index.php')
CRITICAL - 2024-07-10 02:37:39 --> [Caused by] CodeIgniter\Database\Exceptions\DatabaseException: Cannot add or update a child row: a foreign key constraint fails (`esoda_api_login`.`catalog_buku`, CONSTRAINT `catalog_buku_ibfk_1` FOREIGN KEY (`author_id`) REFERENCES `publisher` (`publisher_id`) ON DELETE RESTRICT ON UPDATE RESTRICT)
in SYSTEMPATH\Database\MySQLi\Connection.php on line 317.
 1 SYSTEMPATH\Database\BaseConnection.php(734): CodeIgniter\Database\MySQLi\Connection->execute('INSERT INTO catalog_buku (title, publisher_id, publication_year, isbn, author_id) VALUES (\'The title field is required.\', \'1\', \'The publication_year field is required.\', \'The isbn field is required.\', \'2\')')
 2 SYSTEMPATH\Database\BaseConnection.php(648): CodeIgniter\Database\BaseConnection->simpleQuery('INSERT INTO catalog_buku (title, publisher_id, publication_year, isbn, author_id) VALUES (\'The title field is required.\', \'1\', \'The publication_year field is required.\', \'The isbn field is required.\', \'2\')')
 3 APPPATH\Controllers\BookController.php(61): CodeIgniter\Database\BaseConnection->query('INSERT INTO catalog_buku (title, publisher_id, publication_year, isbn, author_id) VALUES (:title:, :publisher_id:, :publication_year:, :isbn:, :author_id:)', [...])
 4 SYSTEMPATH\CodeIgniter.php(933): App\Controllers\BookController->create()
 5 SYSTEMPATH\CodeIgniter.php(509): CodeIgniter\CodeIgniter->runController(Object(App\Controllers\BookController))
 6 SYSTEMPATH\CodeIgniter.php(355): CodeIgniter\CodeIgniter->handleRequest(null, Object(Config\Cache), false)
 7 SYSTEMPATH\Boot.php(325): CodeIgniter\CodeIgniter->run()
 8 SYSTEMPATH\Boot.php(67): CodeIgniter\Boot::runCodeIgniter(Object(CodeIgniter\CodeIgniter))
 9 FCPATH\index.php(56): CodeIgniter\Boot::bootWeb(Object(Config\Paths))
10 SYSTEMPATH\rewrite.php(44): require_once('C:\\laragon\\www\\codeigniter\\public\\index.php')
CRITICAL - 2024-07-10 02:37:39 --> [Caused by] mysqli_sql_exception: Cannot add or update a child row: a foreign key constraint fails (`esoda_api_login`.`catalog_buku`, CONSTRAINT `catalog_buku_ibfk_1` FOREIGN KEY (`author_id`) REFERENCES `publisher` (`publisher_id`) ON DELETE RESTRICT ON UPDATE RESTRICT)
in SYSTEMPATH\Database\MySQLi\Connection.php on line 312.
 1 SYSTEMPATH\Database\MySQLi\Connection.php(312): mysqli->query('INSERT INTO catalog_buku (title, publisher_id, publication_year, isbn, author_id) VALUES (\'The title field is required.\', \'1\', \'The publication_year field is required.\', \'The isbn field is required.\', \'2\')', 0)
 2 SYSTEMPATH\Database\BaseConnection.php(734): CodeIgniter\Database\MySQLi\Connection->execute('INSERT INTO catalog_buku (title, publisher_id, publication_year, isbn, author_id) VALUES (\'The title field is required.\', \'1\', \'The publication_year field is required.\', \'The isbn field is required.\', \'2\')')
 3 SYSTEMPATH\Database\BaseConnection.php(648): CodeIgniter\Database\BaseConnection->simpleQuery('INSERT INTO catalog_buku (title, publisher_id, publication_year, isbn, author_id) VALUES (\'The title field is required.\', \'1\', \'The publication_year field is required.\', \'The isbn field is required.\', \'2\')')
 4 APPPATH\Controllers\BookController.php(61): CodeIgniter\Database\BaseConnection->query('INSERT INTO catalog_buku (title, publisher_id, publication_year, isbn, author_id) VALUES (:title:, :publisher_id:, :publication_year:, :isbn:, :author_id:)', [...])
 5 SYSTEMPATH\CodeIgniter.php(933): App\Controllers\BookController->create()
 6 SYSTEMPATH\CodeIgniter.php(509): CodeIgniter\CodeIgniter->runController(Object(App\Controllers\BookController))
 7 SYSTEMPATH\CodeIgniter.php(355): CodeIgniter\CodeIgniter->handleRequest(null, Object(Config\Cache), false)
 8 SYSTEMPATH\Boot.php(325): CodeIgniter\CodeIgniter->run()
 9 SYSTEMPATH\Boot.php(67): CodeIgniter\Boot::runCodeIgniter(Object(CodeIgniter\CodeIgniter))
10 FCPATH\index.php(56): CodeIgniter\Boot::bootWeb(Object(Config\Paths))
11 SYSTEMPATH\rewrite.php(44): require_once('C:\\laragon\\www\\codeigniter\\public\\index.php')
ERROR - 2024-07-10 02:37:42 --> mysqli_sql_exception: Duplicate entry '1' for key 'catalog_buku.author_id' in C:\laragon\www\codeigniter\system\Database\MySQLi\Connection.php:312
Stack trace:
#0 C:\laragon\www\codeigniter\system\Database\MySQLi\Connection.php(312): mysqli->query('INSERT INTO cat...', 0)
#1 C:\laragon\www\codeigniter\system\Database\BaseConnection.php(734): CodeIgniter\Database\MySQLi\Connection->execute('INSERT INTO cat...')
#2 C:\laragon\www\codeigniter\system\Database\BaseConnection.php(648): CodeIgniter\Database\BaseConnection->simpleQuery('INSERT INTO cat...')
#3 C:\laragon\www\codeigniter\app\Controllers\BookController.php(61): CodeIgniter\Database\BaseConnection->query('INSERT INTO cat...', Array)
#4 C:\laragon\www\codeigniter\system\CodeIgniter.php(933): App\Controllers\BookController->create()
#5 C:\laragon\www\codeigniter\system\CodeIgniter.php(509): CodeIgniter\CodeIgniter->runController(Object(App\Controllers\BookController))
#6 C:\laragon\www\codeigniter\system\CodeIgniter.php(355): CodeIgniter\CodeIgniter->handleRequest(NULL, Object(Config\Cache), false)
#7 C:\laragon\www\codeigniter\system\Boot.php(325): CodeIgniter\CodeIgniter->run()
#8 C:\laragon\www\codeigniter\system\Boot.php(67): CodeIgniter\Boot::runCodeIgniter(Object(CodeIgniter\CodeIgniter))
#9 C:\laragon\www\codeigniter\public\index.php(56): CodeIgniter\Boot::bootWeb(Object(Config\Paths))
#10 C:\laragon\www\codeigniter\system\rewrite.php(44): require_once('C:\\laragon\\www\\...')
#11 {main}
CRITICAL - 2024-07-10 02:37:42 --> CodeIgniter\Database\Exceptions\DatabaseException: Duplicate entry '1' for key 'catalog_buku.author_id'
[Method: POST, Route: books/]
in SYSTEMPATH\Database\BaseConnection.php on line 688.
 1 APPPATH\Controllers\BookController.php(61): CodeIgniter\Database\BaseConnection->query('INSERT INTO catalog_buku (title, publisher_id, publication_year, isbn, author_id) VALUES (:title:, :publisher_id:, :publication_year:, :isbn:, :author_id:)', [...])
 2 SYSTEMPATH\CodeIgniter.php(933): App\Controllers\BookController->create()
 3 SYSTEMPATH\CodeIgniter.php(509): CodeIgniter\CodeIgniter->runController(Object(App\Controllers\BookController))
 4 SYSTEMPATH\CodeIgniter.php(355): CodeIgniter\CodeIgniter->handleRequest(null, Object(Config\Cache), false)
 5 SYSTEMPATH\Boot.php(325): CodeIgniter\CodeIgniter->run()
 6 SYSTEMPATH\Boot.php(67): CodeIgniter\Boot::runCodeIgniter(Object(CodeIgniter\CodeIgniter))
 7 FCPATH\index.php(56): CodeIgniter\Boot::bootWeb(Object(Config\Paths))
 8 SYSTEMPATH\rewrite.php(44): require_once('C:\\laragon\\www\\codeigniter\\public\\index.php')
CRITICAL - 2024-07-10 02:37:42 --> [Caused by] CodeIgniter\Database\Exceptions\DatabaseException: Duplicate entry '1' for key 'catalog_buku.author_id'
in SYSTEMPATH\Database\MySQLi\Connection.php on line 317.
 1 SYSTEMPATH\Database\BaseConnection.php(734): CodeIgniter\Database\MySQLi\Connection->execute('INSERT INTO catalog_buku (title, publisher_id, publication_year, isbn, author_id) VALUES (\'The title field is required.\', \'1\', \'The publication_year field is required.\', \'The isbn field is required.\', \'1\')')
 2 SYSTEMPATH\Database\BaseConnection.php(648): CodeIgniter\Database\BaseConnection->simpleQuery('INSERT INTO catalog_buku (title, publisher_id, publication_year, isbn, author_id) VALUES (\'The title field is required.\', \'1\', \'The publication_year field is required.\', \'The isbn field is required.\', \'1\')')
 3 APPPATH\Controllers\BookController.php(61): CodeIgniter\Database\BaseConnection->query('INSERT INTO catalog_buku (title, publisher_id, publication_year, isbn, author_id) VALUES (:title:, :publisher_id:, :publication_year:, :isbn:, :author_id:)', [...])
 4 SYSTEMPATH\CodeIgniter.php(933): App\Controllers\BookController->create()
 5 SYSTEMPATH\CodeIgniter.php(509): CodeIgniter\CodeIgniter->runController(Object(App\Controllers\BookController))
 6 SYSTEMPATH\CodeIgniter.php(355): CodeIgniter\CodeIgniter->handleRequest(null, Object(Config\Cache), false)
 7 SYSTEMPATH\Boot.php(325): CodeIgniter\CodeIgniter->run()
 8 SYSTEMPATH\Boot.php(67): CodeIgniter\Boot::runCodeIgniter(Object(CodeIgniter\CodeIgniter))
 9 FCPATH\index.php(56): CodeIgniter\Boot::bootWeb(Object(Config\Paths))
10 SYSTEMPATH\rewrite.php(44): require_once('C:\\laragon\\www\\codeigniter\\public\\index.php')
CRITICAL - 2024-07-10 02:37:42 --> [Caused by] mysqli_sql_exception: Duplicate entry '1' for key 'catalog_buku.author_id'
in SYSTEMPATH\Database\MySQLi\Connection.php on line 312.
 1 SYSTEMPATH\Database\MySQLi\Connection.php(312): mysqli->query('INSERT INTO catalog_buku (title, publisher_id, publication_year, isbn, author_id) VALUES (\'The title field is required.\', \'1\', \'The publication_year field is required.\', \'The isbn field is required.\', \'1\')', 0)
 2 SYSTEMPATH\Database\BaseConnection.php(734): CodeIgniter\Database\MySQLi\Connection->execute('INSERT INTO catalog_buku (title, publisher_id, publication_year, isbn, author_id) VALUES (\'The title field is required.\', \'1\', \'The publication_year field is required.\', \'The isbn field is required.\', \'1\')')
 3 SYSTEMPATH\Database\BaseConnection.php(648): CodeIgniter\Database\BaseConnection->simpleQuery('INSERT INTO catalog_buku (title, publisher_id, publication_year, isbn, author_id) VALUES (\'The title field is required.\', \'1\', \'The publication_year field is required.\', \'The isbn field is required.\', \'1\')')
 4 APPPATH\Controllers\BookController.php(61): CodeIgniter\Database\BaseConnection->query('INSERT INTO catalog_buku (title, publisher_id, publication_year, isbn, author_id) VALUES (:title:, :publisher_id:, :publication_year:, :isbn:, :author_id:)', [...])
 5 SYSTEMPATH\CodeIgniter.php(933): App\Controllers\BookController->create()
 6 SYSTEMPATH\CodeIgniter.php(509): CodeIgniter\CodeIgniter->runController(Object(App\Controllers\BookController))
 7 SYSTEMPATH\CodeIgniter.php(355): CodeIgniter\CodeIgniter->handleRequest(null, Object(Config\Cache), false)
 8 SYSTEMPATH\Boot.php(325): CodeIgniter\CodeIgniter->run()
 9 SYSTEMPATH\Boot.php(67): CodeIgniter\Boot::runCodeIgniter(Object(CodeIgniter\CodeIgniter))
10 FCPATH\index.php(56): CodeIgniter\Boot::bootWeb(Object(Config\Paths))
11 SYSTEMPATH\rewrite.php(44): require_once('C:\\laragon\\www\\codeigniter\\public\\index.php')
CRITICAL - 2024-07-10 12:26:38 --> TypeError: App\Controllers\Home::index(): Return value must be of type string, CodeIgniter\HTTP\Response returned
[Method: GET, Route: /]
in APPPATH\Controllers\Home.php on line 17.
 1 SYSTEMPATH\CodeIgniter.php(933): App\Controllers\Home->index()
 2 SYSTEMPATH\CodeIgniter.php(509): CodeIgniter\CodeIgniter->runController(Object(App\Controllers\Home))
 3 SYSTEMPATH\CodeIgniter.php(355): CodeIgniter\CodeIgniter->handleRequest(null, Object(Config\Cache), false)
 4 SYSTEMPATH\Boot.php(325): CodeIgniter\CodeIgniter->run()
 5 SYSTEMPATH\Boot.php(67): CodeIgniter\Boot::runCodeIgniter(Object(CodeIgniter\CodeIgniter))
 6 FCPATH\index.php(56): CodeIgniter\Boot::bootWeb(Object(Config\Paths))
 7 SYSTEMPATH\rewrite.php(44): require_once('C:\\laragon\\www\\codeigniter\\public\\index.php')
CRITICAL - 2024-07-10 12:27:40 --> ParseError: syntax error, unexpected token "}", expecting ";"
[Method: GET, Route: /]
in APPPATH\Controllers\Home.php on line 20.
 1 SYSTEMPATH\Autoloader\Autoloader.php(296): CodeIgniter\Autoloader\Autoloader->includeFile('C:\\laragon\\www\\codeigniter\\app\\Controllers\\Home.php')
 2 SYSTEMPATH\Autoloader\Autoloader.php(272): CodeIgniter\Autoloader\Autoloader->loadInNamespace('App\\Controllers\\Home')
 3 [internal function]: CodeIgniter\Autoloader\Autoloader->loadClass('App\\Controllers\\Home')
 4 SYSTEMPATH\CodeIgniter.php(887): class_exists('\\App\\Controllers\\Home', true)
 5 SYSTEMPATH\CodeIgniter.php(496): CodeIgniter\CodeIgniter->startController()
 6 SYSTEMPATH\CodeIgniter.php(355): CodeIgniter\CodeIgniter->handleRequest(null, Object(Config\Cache), false)
 7 SYSTEMPATH\Boot.php(325): CodeIgniter\CodeIgniter->run()
 8 SYSTEMPATH\Boot.php(67): CodeIgniter\Boot::runCodeIgniter(Object(CodeIgniter\CodeIgniter))
 9 FCPATH\index.php(56): CodeIgniter\Boot::bootWeb(Object(Config\Paths))
10 SYSTEMPATH\rewrite.php(44): require_once('C:\\laragon\\www\\codeigniter\\public\\index.php')
CRITICAL - 2024-07-10 12:28:44 --> TypeError: App\Controllers\Home::index(): Return value must be of type string, CodeIgniter\HTTP\Response returned
[Method: GET, Route: /]
in APPPATH\Controllers\Home.php on line 17.
 1 SYSTEMPATH\CodeIgniter.php(933): App\Controllers\Home->index()
 2 SYSTEMPATH\CodeIgniter.php(509): CodeIgniter\CodeIgniter->runController(Object(App\Controllers\Home))
 3 SYSTEMPATH\CodeIgniter.php(355): CodeIgniter\CodeIgniter->handleRequest(null, Object(Config\Cache), false)
 4 SYSTEMPATH\Boot.php(325): CodeIgniter\CodeIgniter->run()
 5 SYSTEMPATH\Boot.php(67): CodeIgniter\Boot::runCodeIgniter(Object(CodeIgniter\CodeIgniter))
 6 FCPATH\index.php(56): CodeIgniter\Boot::bootWeb(Object(Config\Paths))
 7 SYSTEMPATH\rewrite.php(44): require_once('C:\\laragon\\www\\codeigniter\\public\\index.php')
CRITICAL - 2024-07-10 12:29:07 --> TypeError: App\Controllers\Home::index(): Return value must be of type string, CodeIgniter\HTTP\Response returned
[Method: GET, Route: /]
in APPPATH\Controllers\Home.php on line 17.
 1 SYSTEMPATH\CodeIgniter.php(933): App\Controllers\Home->index()
 2 SYSTEMPATH\CodeIgniter.php(509): CodeIgniter\CodeIgniter->runController(Object(App\Controllers\Home))
 3 SYSTEMPATH\CodeIgniter.php(355): CodeIgniter\CodeIgniter->handleRequest(null, Object(Config\Cache), false)
 4 SYSTEMPATH\Boot.php(325): CodeIgniter\CodeIgniter->run()
 5 SYSTEMPATH\Boot.php(67): CodeIgniter\Boot::runCodeIgniter(Object(CodeIgniter\CodeIgniter))
 6 FCPATH\index.php(56): CodeIgniter\Boot::bootWeb(Object(Config\Paths))
 7 SYSTEMPATH\rewrite.php(44): require_once('C:\\laragon\\www\\codeigniter\\public\\index.php')
CRITICAL - 2024-07-10 12:29:27 --> TypeError: App\Controllers\Home::index(): Return value must be of type string, CodeIgniter\HTTP\Response returned
[Method: GET, Route: /]
in APPPATH\Controllers\Home.php on line 14.
 1 SYSTEMPATH\CodeIgniter.php(933): App\Controllers\Home->index()
 2 SYSTEMPATH\CodeIgniter.php(509): CodeIgniter\CodeIgniter->runController(Object(App\Controllers\Home))
 3 SYSTEMPATH\CodeIgniter.php(355): CodeIgniter\CodeIgniter->handleRequest(null, Object(Config\Cache), false)
 4 SYSTEMPATH\Boot.php(325): CodeIgniter\CodeIgniter->run()
 5 SYSTEMPATH\Boot.php(67): CodeIgniter\Boot::runCodeIgniter(Object(CodeIgniter\CodeIgniter))
 6 FCPATH\index.php(56): CodeIgniter\Boot::bootWeb(Object(Config\Paths))
 7 SYSTEMPATH\rewrite.php(44): require_once('C:\\laragon\\www\\codeigniter\\public\\index.php')
